<?xml version="1.0" encoding="UTF-8"?>
<!-- Generated by org.testng.reporters.JUnitReportReporter -->
<testsuite hostname="DESKTOP-AT7NDDC" failures="0" tests="1" name="runner.runCuke" time="59.437" errors="0" timestamp="2025-07-24T13:40:34 IST" skipped="0">
  <testcase classname="runner.runCuke" name="runScenario" time="59.437"/>
</testsuite> <!-- runner.runCuke -->
