<?xml version="1.0" encoding="UTF-8"?>
<!-- Generated by org.testng.reporters.JUnitReportReporter -->
<testsuite hostname="DESKTOP-AT7NDDC" failures="0" tests="1" name="runner.runCuke" time="12.517" errors="0" timestamp="2025-07-25T17:31:03 IST" skipped="0">
  <testcase classname="runner.runCuke" name="runScenario" time="12.517"/>
</testsuite> <!-- runner.runCuke -->
