<?xml version="1.0" encoding="UTF-8"?>
<!-- Generated by org.testng.reporters.JUnitReportReporter -->
<testsuite hostname="DESKTOP-AT7NDDC" failures="0" tests="1" name="runner.runCuke" time="12.839" errors="0" timestamp="2025-07-24T17:31:21 IST" skipped="0">
  <testcase classname="runner.runCuke" name="runScenario" time="12.839"/>
</testsuite> <!-- runner.runCuke -->
